<?xml version="1.0" encoding="UTF-8"?>
<testng-results ignored="0" total="2" passed="1" failed="1" skipped="0">
  <reporter-output>
  </reporter-output>
  <suite started-at="2022-08-27T23:03:34 KST" name="Default suite" finished-at="2022-08-27T23:03:52 KST" duration-ms="17860">
    <groups>
    </groups>
    <test started-at="2022-08-27T23:03:34 KST" name="Default test" finished-at="2022-08-27T23:03:52 KST" duration-ms="17860">
      <class name="kellytest.Bigbanner_test">
        <test-method is-config="true" signature="setUp()[pri:0, instance:kellytest.Bigbanner_test@7b36aa0c]" started-at="2022-08-27T23:03:34 KST" name="setUp" finished-at="2022-08-27T23:03:42 KST" duration-ms="7609" status="PASS">
          <reporter-output>
          </reporter-output>
        </test-method> <!-- setUp -->
        <test-method signature="bigbanner_test_001()[pri:0, instance:kellytest.Bigbanner_test@7b36aa0c]" started-at="2022-08-27T23:03:42 KST" name="bigbanner_test_001" finished-at="2022-08-27T23:03:42 KST" duration-ms="636" status="FAIL">
          <exception class="org.openqa.selenium.InvalidSelectorException">
            <message>
              <![CDATA[org.eclipse.wst.xml.xpath2.processor.XPathParserException: CUP parser error: Parser error: line 1 col 41: 
For documentation on this error, please visit: https://www.seleniumhq.org/exceptions/invalid_selector_exception.html
Build info: version: '3.141.59', revision: 'e82be7d358', time: '2018-11-14T08:17:03'
System info: host: 'WSDESKTOP', ip: '10.1.84.181', os.name: 'Windows 10', os.arch: 'amd64', os.version: '10.0', java.version: '11.0.15.1'
Driver info: io.appium.java_client.android.AndroidDriver
Capabilities {appActivity: com.tmon.splash.SplashActivity, appPackage: com.tmon, appium-version: {1.18.2}, autoDismissAlerts: true, automationName: UiAutomator2, databaseEnabled: false, desired: {appActivity: com.tmon.splash.SplashActivity, appPackage: com.tmon, appium-version: {1.18.2}, autoDismissAlerts: true, automationName: UiAutomator2, deviceName: unauthorized, noReset: true, platformName: android, resetKeyboard: true, udid: R3CMB0NH2XY, unicodeKeyboard: true}, deviceApiLevel: 31, deviceManufacturer: samsung, deviceModel: SM-N971N, deviceName: R3CMB0NH2XY, deviceScreenDensity: 420, deviceScreenSize: 1080x2280, deviceUDID: R3CMB0NH2XY, javascriptEnabled: true, locationContextEnabled: false, networkConnectionEnabled: true, noReset: true, pixelRatio: 2.625, platform: LINUX, platformName: Android, platformVersion: 12, resetKeyboard: true, statBarHeight: 90, takesScreenshot: true, udid: R3CMB0NH2XY, unicodeKeyboard: true, viewportRect: {height: 1974, left: 0, top: 90, width: 1080}, warnings: {}, webStorageEnabled: false}
Session ID: 80362e53-d1f5-4af0-af95-7901a8520ba1
*** Element info: {Using=xpath, value=//android.widget.ImageView[@NAF='[true]'}]]>
            </message>
            <full-stacktrace>
              <![CDATA[org.openqa.selenium.InvalidSelectorException: org.eclipse.wst.xml.xpath2.processor.XPathParserException: CUP parser error: Parser error: line 1 col 41: 
For documentation on this error, please visit: https://www.seleniumhq.org/exceptions/invalid_selector_exception.html
Build info: version: '3.141.59', revision: 'e82be7d358', time: '2018-11-14T08:17:03'
System info: host: 'WSDESKTOP', ip: '10.1.84.181', os.name: 'Windows 10', os.arch: 'amd64', os.version: '10.0', java.version: '11.0.15.1'
Driver info: io.appium.java_client.android.AndroidDriver
Capabilities {appActivity: com.tmon.splash.SplashActivity, appPackage: com.tmon, appium-version: {1.18.2}, autoDismissAlerts: true, automationName: UiAutomator2, databaseEnabled: false, desired: {appActivity: com.tmon.splash.SplashActivity, appPackage: com.tmon, appium-version: {1.18.2}, autoDismissAlerts: true, automationName: UiAutomator2, deviceName: unauthorized, noReset: true, platformName: android, resetKeyboard: true, udid: R3CMB0NH2XY, unicodeKeyboard: true}, deviceApiLevel: 31, deviceManufacturer: samsung, deviceModel: SM-N971N, deviceName: R3CMB0NH2XY, deviceScreenDensity: 420, deviceScreenSize: 1080x2280, deviceUDID: R3CMB0NH2XY, javascriptEnabled: true, locationContextEnabled: false, networkConnectionEnabled: true, noReset: true, pixelRatio: 2.625, platform: LINUX, platformName: Android, platformVersion: 12, resetKeyboard: true, statBarHeight: 90, takesScreenshot: true, udid: R3CMB0NH2XY, unicodeKeyboard: true, viewportRect: {height: 1974, left: 0, top: 90, width: 1080}, warnings: {}, webStorageEnabled: false}
Session ID: 80362e53-d1f5-4af0-af95-7901a8520ba1
*** Element info: {Using=xpath, value=//android.widget.ImageView[@NAF='[true]'}
at java.base/jdk.internal.reflect.NativeConstructorAccessorImpl.newInstance0(Native Method)
at java.base/jdk.internal.reflect.NativeConstructorAccessorImpl.newInstance(NativeConstructorAccessorImpl.java:62)
at java.base/jdk.internal.reflect.DelegatingConstructorAccessorImpl.newInstance(DelegatingConstructorAccessorImpl.java:45)
at java.base/java.lang.reflect.Constructor.newInstance(Constructor.java:490)
at org.openqa.selenium.remote.http.W3CHttpResponseCodec.createException(W3CHttpResponseCodec.java:187)
at org.openqa.selenium.remote.http.W3CHttpResponseCodec.decode(W3CHttpResponseCodec.java:122)
at org.openqa.selenium.remote.http.W3CHttpResponseCodec.decode(W3CHttpResponseCodec.java:49)
at org.openqa.selenium.remote.HttpCommandExecutor.execute(HttpCommandExecutor.java:158)
at io.appium.java_client.remote.AppiumCommandExecutor.execute(AppiumCommandExecutor.java:247)
at org.openqa.selenium.remote.RemoteWebDriver.execute(RemoteWebDriver.java:552)
at io.appium.java_client.DefaultGenericMobileDriver.execute(DefaultGenericMobileDriver.java:41)
at io.appium.java_client.AppiumDriver.execute(AppiumDriver.java:1)
at io.appium.java_client.android.AndroidDriver.execute(AndroidDriver.java:1)
at org.openqa.selenium.remote.RemoteWebDriver.findElement(RemoteWebDriver.java:323)
at io.appium.java_client.DefaultGenericMobileDriver.findElement(DefaultGenericMobileDriver.java:61)
at io.appium.java_client.AppiumDriver.findElement(AppiumDriver.java:1)
at io.appium.java_client.android.AndroidDriver.findElement(AndroidDriver.java:1)
at org.openqa.selenium.remote.RemoteWebDriver.findElementByXPath(RemoteWebDriver.java:428)
at io.appium.java_client.DefaultGenericMobileDriver.findElementByXPath(DefaultGenericMobileDriver.java:151)
at io.appium.java_client.AppiumDriver.findElementByXPath(AppiumDriver.java:1)
at io.appium.java_client.android.AndroidDriver.findElementByXPath(AndroidDriver.java:1)
at org.openqa.selenium.By$ByXPath.findElement(By.java:353)
at org.openqa.selenium.remote.RemoteWebDriver.findElement(RemoteWebDriver.java:315)
at io.appium.java_client.DefaultGenericMobileDriver.findElement(DefaultGenericMobileDriver.java:57)
at io.appium.java_client.AppiumDriver.findElement(AppiumDriver.java:1)
at io.appium.java_client.android.AndroidDriver.findElement(AndroidDriver.java:1)
at kellytest.Bigbanner_test.bigbannerCheck(Bigbanner_test.java:55)
at kellytest.Bigbanner_test.bigbanner_test_001(Bigbanner_test.java:75)
at java.base/jdk.internal.reflect.NativeMethodAccessorImpl.invoke0(Native Method)
at java.base/jdk.internal.reflect.NativeMethodAccessorImpl.invoke(NativeMethodAccessorImpl.java:62)
at java.base/jdk.internal.reflect.DelegatingMethodAccessorImpl.invoke(DelegatingMethodAccessorImpl.java:43)
at java.base/java.lang.reflect.Method.invoke(Method.java:566)
at org.testng.internal.MethodInvocationHelper.invokeMethod(MethodInvocationHelper.java:133)
at org.testng.internal.TestInvoker.invokeMethod(TestInvoker.java:598)
at org.testng.internal.TestInvoker.invokeTestMethod(TestInvoker.java:173)
at org.testng.internal.MethodRunner.runInSequence(MethodRunner.java:46)
at org.testng.internal.TestInvoker$MethodInvocationAgent.invoke(TestInvoker.java:824)
at org.testng.internal.TestInvoker.invokeTestMethods(TestInvoker.java:146)
at org.testng.internal.TestMethodWorker.invokeTestMethods(TestMethodWorker.java:146)
at org.testng.internal.TestMethodWorker.run(TestMethodWorker.java:128)
at java.base/java.util.ArrayList.forEach(ArrayList.java:1541)
at org.testng.TestRunner.privateRun(TestRunner.java:794)
at org.testng.TestRunner.run(TestRunner.java:596)
at org.testng.SuiteRunner.runTest(SuiteRunner.java:377)
at org.testng.SuiteRunner.runSequentially(SuiteRunner.java:371)
at org.testng.SuiteRunner.privateRun(SuiteRunner.java:332)
at org.testng.SuiteRunner.run(SuiteRunner.java:276)
at org.testng.SuiteRunnerWorker.runSuite(SuiteRunnerWorker.java:53)
at org.testng.SuiteRunnerWorker.run(SuiteRunnerWorker.java:96)
at org.testng.TestNG.runSuitesSequentially(TestNG.java:1212)
at org.testng.TestNG.runSuitesLocally(TestNG.java:1134)
at org.testng.TestNG.runSuites(TestNG.java:1063)
at org.testng.TestNG.run(TestNG.java:1031)
at org.testng.remote.AbstractRemoteTestNG.run(AbstractRemoteTestNG.java:115)
at org.testng.remote.RemoteTestNG.initAndRun(RemoteTestNG.java:251)
at org.testng.remote.RemoteTestNG.main(RemoteTestNG.java:77)
]]>
            </full-stacktrace>
          </exception> <!-- org.openqa.selenium.InvalidSelectorException -->
          <reporter-output>
          </reporter-output>
        </test-method> <!-- bigbanner_test_001 -->
        <test-method signature="bigbanner_test_002()[pri:0, instance:kellytest.Bigbanner_test@7b36aa0c]" started-at="2022-08-27T23:03:42 KST" name="bigbanner_test_002" finished-at="2022-08-27T23:03:51 KST" duration-ms="8878" status="PASS">
          <reporter-output>
          </reporter-output>
        </test-method> <!-- bigbanner_test_002 -->
        <test-method is-config="true" signature="end()[pri:0, instance:kellytest.Bigbanner_test@7b36aa0c]" started-at="2022-08-27T23:03:51 KST" name="end" finished-at="2022-08-27T23:03:52 KST" duration-ms="694" status="PASS">
          <reporter-output>
          </reporter-output>
        </test-method> <!-- end -->
      </class> <!-- kellytest.Bigbanner_test -->
    </test> <!-- Default test -->
  </suite> <!-- Default suite -->
</testng-results>
